<?xml version="1.0" encoding="UTF-8"?>
<!-- Generated by org.testng.reporters.JUnitReportReporter -->
<testsuite hostname="QA-PC" name="seleniumTest.CNN" tests="2" failures="0" timestamp="4 Mar 2016 08:01:53 GMT" time="0.008" errors="0">
  <testcase name="CNNWeb" time="0.008" classname="seleniumTest.CNN"/>
  <testcase name="CNNWeb" time="0.000" classname="seleniumTest.CNN"/>
</testsuite> <!-- seleniumTest.CNN -->
