<?xml version="1.0" encoding="UTF-8"?>
<!-- Generated by org.testng.reporters.JUnitReportReporter -->
<testsuite hostname="QA-PC" name="seleniumTest.SampleTest" tests="1" failures="0" timestamp="4 Mar 2016 04:15:15 GMT" time="34.119" errors="0">
  <testcase name="verifyTitle" time="34.119" classname="seleniumTest.SampleTest"/>
</testsuite> <!-- seleniumTest.SampleTest -->
